\BOOKMARK [0][-]{chapter*.4}{Wprowadzenie}{}% 1
\BOOKMARK [0][-]{chapter.1}{Teorie\040Axela\040Thue\040na\040temat\040sekwencji\040symboli}{}% 2
\BOOKMARK [1][-]{section.1.1}{Definicje}{chapter.1}% 3
\BOOKMARK [1][-]{section.1.2}{Thue-Morse\040word}{chapter.1}% 4
\BOOKMARK [1][-]{section.1.3}{Square-free\040word}{chapter.1}% 5
\BOOKMARK [1][-]{section.1.4}{Thue\040online}{chapter.1}% 6
\BOOKMARK [1][-]{section.1.5}{Komputerowa\040implementacja\040Online\040Thue\040Game}{chapter.1}% 7
\BOOKMARK [0][-]{chapter.2}{Aplikacja\040Longest\040free\040word}{}% 8
\BOOKMARK [1][-]{section.2.1}{Plik\040konfiguracyjny}{chapter.2}% 9
\BOOKMARK [1][-]{section.2.2}{Algorytm szukający powtórzeń wewnątrz ciągu}{chapter.2}% 10
\BOOKMARK [1][-]{section.2.3}{Komunikacja z użytkownikiem}{chapter.2}% 11
\BOOKMARK [1][-]{section.2.4}{Zachłanny algorytm wyszukiwania symbolu}{chapter.2}% 12
\BOOKMARK [1][-]{section.2.5}{Zachłanny algorytm wyszukiwania indeksu}{chapter.2}% 13
\BOOKMARK [1][-]{section.2.6}{Algorytm wyszukiwania symbolu z zagnieżdżeniami}{chapter.2}% 14
\BOOKMARK [1][-]{section.2.7}{Algorytm wyszukiwania indeksu z zagnieżdżeniami}{chapter.2}% 15
\BOOKMARK [1][-]{section.2.8}{Longest\040free\040word\040z\040interfejsem\040graficznym}{chapter.2}% 16
\BOOKMARK [0][-]{chapter.3}{Narzędzia i standardy pokrewne}{}% 17
\BOOKMARK [1][-]{section.3.1}{Przetwarzanie dokumentów SGML – standard DSSSL}{chapter.3}% 18
\BOOKMARK [1][-]{section.3.2}{Przetwarzanie dokumentów XML – standard XSL}{chapter.3}% 19
\BOOKMARK [0][-]{chapter.4}{Przegląd dostępnych narzędzi}{}% 20
\BOOKMARK [1][-]{section.4.1}{Narzędzia do przeglądania dokumentów SGML}{chapter.4}% 21
\BOOKMARK [1][-]{section.4.2}{Parsery\040SGML}{chapter.4}% 22
\BOOKMARK [1][-]{section.4.3}{Wykorzystanie języków skryptowych}{chapter.4}% 23
\BOOKMARK [1][-]{section.4.4}{Wykorzystanie szablonów XSL}{chapter.4}% 24
\BOOKMARK [0][-]{chapter*.5}{Zakończenie}{}% 25
\BOOKMARK [0][-]{appendix.A}{Tytuł załącznika jeden}{}% 26
\BOOKMARK [0][-]{appendix.B}{Tytuł załącznika dwa}{}% 27
\BOOKMARK [0][-]{appendix*.6}{Spis\040tabel}{}% 28
\BOOKMARK [0][-]{appendix*.7}{Spis rysunków}{}% 29
\BOOKMARK [0][-]{appendix*.8}{Oświadczenie}{}% 30
